<?xml version="1.0" encoding="UTF-8"?>
<testng-results ignored="0" total="1" passed="1" failed="0" skipped="0">
  <reporter-output>
    <line>
      <![CDATA[✅ Clicked the Navbar Toggle button]]>
    </line>
    <line>
      <![CDATA[✅ Clicked on 'UMAXX Store']]>
    </line>
    <line>
      <![CDATA[✅ Verified heading text: Welcome 2 UMAXX Merchandise]]>
    </line>
    <line>
      <![CDATA[✅ Announcement bar text verified: Join the UMAXX Revolution get 20% off all merch]]>
    </line>
  </reporter-output>
  <suite started-at="2025-07-19T15:09:15 IST" name="Default suite" finished-at="2025-07-19T15:09:27 IST" duration-ms="11506">
    <groups>
    </groups>
    <test started-at="2025-07-19T15:09:15 IST" name="Default test" finished-at="2025-07-19T15:09:27 IST" duration-ms="11506">
      <class name="tests.UmaxxStoreTest">
        <test-method is-config="true" signature="beforeSuite()[pri:0, instance:tests.UmaxxStoreTest@69453e37]" started-at="2025-07-19T15:08:58 IST" name="beforeSuite" finished-at="2025-07-19T15:09:15 IST" duration-ms="17247" status="PASS">
          <reporter-output>
          </reporter-output>
        </test-method> <!-- beforeSuite -->
        <test-method is-config="true" signature="beforeMethod(java.lang.reflect.Method)[pri:0, instance:tests.UmaxxStoreTest@69453e37]" started-at="2025-07-19T15:09:16 IST" name="beforeMethod" finished-at="2025-07-19T15:09:16 IST" duration-ms="7" status="PASS">
          <params>
            <param index="0">
              <value>
                <![CDATA[public void tests.UmaxxStoreTest.verifyUmaxxStore()]]>
              </value>
            </param>
          </params>
          <reporter-output>
          </reporter-output>
        </test-method> <!-- beforeMethod -->
        <test-method signature="verifyUmaxxStore()[pri:0, instance:tests.UmaxxStoreTest@69453e37]" started-at="2025-07-19T15:09:16 IST" name="verifyUmaxxStore" finished-at="2025-07-19T15:09:27 IST" duration-ms="11128" status="PASS">
          <reporter-output>
            <line>
              <![CDATA[✅ Clicked the Navbar Toggle button]]>
            </line>
            <line>
              <![CDATA[✅ Clicked on 'UMAXX Store']]>
            </line>
            <line>
              <![CDATA[✅ Verified heading text: Welcome 2 UMAXX Merchandise]]>
            </line>
            <line>
              <![CDATA[✅ Announcement bar text verified: Join the UMAXX Revolution get 20% off all merch]]>
            </line>
          </reporter-output>
        </test-method> <!-- verifyUmaxxStore -->
        <test-method is-config="true" signature="afterMethod(java.lang.reflect.Method)[pri:0, instance:tests.UmaxxStoreTest@69453e37]" started-at="2025-07-19T15:09:27 IST" name="afterMethod" finished-at="2025-07-19T15:09:27 IST" duration-ms="322" status="PASS">
          <params>
            <param index="0">
              <value>
                <![CDATA[public void tests.UmaxxStoreTest.verifyUmaxxStore()]]>
              </value>
            </param>
          </params>
          <reporter-output>
          </reporter-output>
        </test-method> <!-- afterMethod -->
        <test-method is-config="true" signature="afterSuite()[pri:0, instance:tests.UmaxxStoreTest@69453e37]" started-at="2025-07-19T15:09:27 IST" name="afterSuite" finished-at="2025-07-19T15:09:28 IST" duration-ms="636" status="PASS">
          <reporter-output>
          </reporter-output>
        </test-method> <!-- afterSuite -->
      </class> <!-- tests.UmaxxStoreTest -->
    </test> <!-- Default test -->
  </suite> <!-- Default suite -->
</testng-results>
