<?xml version="1.0" encoding="UTF-8"?>
<testng-results ignored="0" total="6" passed="5" failed="1" skipped="0">
  <reporter-output>
    <line>
      <![CDATA[📄 Page Title: UMAXX - BIGGER FASTER STRONGER UMAXX 5G TV, IPTV]]>
    </line>
    <line>
      <![CDATA[✅ Page title verification passed]]>
    </line>
    <line>
      <![CDATA[✅ Clicked the Navbar Toggle button]]>
    </line>
    <line>
      <![CDATA[✅ Clicked on 5G Internet Plans link]]>
    </line>
    <line>
      <![CDATA[📄 Found heading: 5G Internet Plans]]>
    </line>
    <line>
      <![CDATA[✅ 5G Internet Plans heading text is correct]]>
    </line>
    <line>
      <![CDATA[📄 Paragraph text found: Experience Military Grade Speed and Security]]>
    </line>
    <line>
      <![CDATA[✅ Paragraph text is correct]]>
    </line>
    <line>
      <![CDATA[📄 Link text found: See Why UMAXX Offers America's Best Privacy & Security]]>
    </line>
    <line>
      <![CDATA[✅ Privacy & Security link text is correct]]>
    </line>
    <line>
      <![CDATA[📄 Found plan text: STARTER]]>
    </line>
    <line>
      <![CDATA[✅ 'STARTER' plan is displayed and scrolled into view]]>
    </line>
    <line>
      <![CDATA[📄 Found plan text: EXTRA]]>
    </line>
    <line>
      <![CDATA[✅ 'EXTRA' plan is displayed and scrolled into view]]>
    </line>
    <line>
      <![CDATA[📄 Found plan text: PREMIUM]]>
    </line>
    <line>
      <![CDATA[✅ 'PREMIUM' plan is displayed and scrolled into view]]>
    </line>
    <line>
      <![CDATA[📄 Found Starter plan price: 39]]>
    </line>
    <line>
      <![CDATA[✅ Starter plan price is correct and visible]]>
    </line>
    <line>
      <![CDATA[📄 Found Extra plan price: 79]]>
    </line>
    <line>
      <![CDATA[✅ Extra plan price is correct and visible]]>
    </line>
    <line>
      <![CDATA[📄 Found Premium plan price: 139]]>
    </line>
    <line>
      <![CDATA[✅ Premium plan price is correct and visible]]>
    </line>
    <line>
      <![CDATA[📄 Found Starter data plan: 10 GB]]>
    </line>
    <line>
      <![CDATA[✅ Starter data plan is correct and visible]]>
    </line>
    <line>
      <![CDATA[📄 Found EXTRA data plan: 50 GB]]>
    </line>
    <line>
      <![CDATA[✅ EXTRA data plan is correct and visible]]>
    </line>
    <line>
      <![CDATA[📄 Found PREMIUM data plan tag: UNLIMITED]]>
    </line>
    <line>
      <![CDATA[✅ PREMIUM data plan is correct and visible]]>
    </line>
    <line>
      <![CDATA[✅ Clicked on the STARTER plan]]>
    </line>
    <line>
      <![CDATA[📄 Found heading text: 5G Coverage Availability]]>
    </line>
    <line>
      <![CDATA[✅ 5G Coverage Availability heading is correct]]>
    </line>
    <line>
      <![CDATA[📥 Entered ZIP code: 12345]]>
    </line>
    <line>
      <![CDATA[🟢 Clicked on the GO button after entering ZIP code]]>
    </line>
    <line>
      <![CDATA[📄 Found heading: Choose Your 5G Wireless Device]]>
    </line>
    <line>
      <![CDATA[✅ 5G Wireless Device heading is correct]]>
    </line>
    <line>
      <![CDATA[✅ Clicked on 'See Why UMAXX Offers America's Best Coverage' link]]>
    </line>
    <line>
      <![CDATA[📄 Found paragraph text: Map Shows 5G Coverage of UMAXX,Verizon and AT&T]]>
    </line>
    <line>
      <![CDATA[✅ 5G Coverage paragraph text is correct]]>
    </line>
    <line>
      <![CDATA[✅ Clicked on the close (X) button]]>
    </line>
    <line>
      <![CDATA[📄 Found paragraph: Mobile Pocket WI-FI]]>
    </line>
    <line>
      <![CDATA[✅ Mobile Pocket WI-FI text is correct]]>
    </line>
    <line>
      <![CDATA[📄 Found paragraph: In-Home Device]]>
    </line>
    <line>
      <![CDATA[✅ In-Home Device text is correct]]>
    </line>
    <line>
      <![CDATA[📄 Found device title: Netgear MR6150]]>
    </line>
    <line>
      <![CDATA[✅ Netgear MR6150 device name is correctly displayed]]>
    </line>
    <line>
      <![CDATA[📄 Found device title: Nokia FWA 12]]>
    </line>
    <line>
      <![CDATA[✅ Nokia FWA 12 device name is correctly displayed]]>
    </line>
    <line>
      <![CDATA[📌 Best Use Text Found: HOME, BOAT,RV & ON-THE-GO]]>
    </line>
    <line>
      <![CDATA[✅ Netgear is correctly labeled for HOME, BOAT, RV & ON-THE-GO]]>
    </line>
    <line>
      <![CDATA[📌 Best Use Text Found for Nokia FWA: PERFECT FOR HOME]]>
    </line>
    <line>
      <![CDATA[✅ Nokia FWA 12 is correctly labeled as PERFECT FOR HOME]]>
    </line>
    <line>
      <![CDATA[✅ Clicked on 'More Details' for Netgear]]>
    </line>
    <line>
      <![CDATA[✅ Clicked Close button on document/modal]]>
    </line>
    <line>
      <![CDATA[✅ Clicked 'More Details' link for Nokia FWA]]>
    </line>
    <line>
      <![CDATA[🔁 Switched to document window]]>
    </line>
    <line>
      <![CDATA[❎ Closed document tab]]>
    </line>
    <line>
      <![CDATA[🔙 Switched back to main window]]>
    </line>
    <line>
      <![CDATA[✅ Clicked 'Select' button for Netgear device]]>
    </line>
    <line>
      <![CDATA[📄 Found message: This is a soft credit pull — it will not affect your credit score.]]>
    </line>
    <line>
      <![CDATA[✅ Credit pull message is correct]]>
    </line>
    <line>
      <![CDATA[✅ Clicked 'Continue' button for Netgear device]]>
    </line>
    <line>
      <![CDATA[✅ Entered First Name: Test]]>
    </line>
    <line>
      <![CDATA[✅ Entered Last Name: test2]]>
    </line>
    <line>
      <![CDATA[✅ Navigated to Finance Error Page: https://test-umaxx-tv.herokuapp.com/finance/error]]>
    </line>
    <line>
      <![CDATA[✅ Verified message: You’re Still Eligible to Get UMAXX]]>
    </line>
    <line>
      <![CDATA[✅ Clicked on 'Continue' button]]>
    </line>
    <line>
      <![CDATA[✅ Verified 'Order Now' heading is present]]>
    </line>
    <line>
      <![CDATA[✅ Entered dynamic Order Email: testuser1753698573084@gmail.com]]>
    </line>
    <line>
      <![CDATA[✅ Entered Order Password: xyzz4365]]>
    </line>
    <line>
      <![CDATA[✅ Entered Order Phone Number: 7865437698]]>
    </line>
    <line>
      <![CDATA[✅ Entered Order First Name: tTestP]]>
    </line>
    <line>
      <![CDATA[✅ Entered Order Last Name: DemmoTe]]>
    </line>
    <line>
      <![CDATA[✅ Entered Order Address: San Antonio]]>
    </line>
    <line>
      <![CDATA[✅ Clicked on address suggestion: San Antonio]]>
    </line>
    <line>
      <![CDATA[✅ Total Amount Displayed: Total]]>
    </line>
    <line>
      <![CDATA[✅ Total Amount is correctly displayed: $238.99]]>
    </line>
    <line>
      <![CDATA[✅ Clicked on Terms & Conditions checkbox]]>
    </line>
    <line>
      <![CDATA[✅ Clicked 'PROCEED TO FINAL STEP' button]]>
    </line>
  </reporter-output>
  <suite started-at="2025-07-28T15:58:09 IST" name="Default suite" finished-at="2025-07-28T16:00:46 IST" duration-ms="157434">
    <groups>
    </groups>
    <test started-at="2025-07-28T15:58:09 IST" name="Default test" finished-at="2025-07-28T16:00:46 IST" duration-ms="157434">
      <class name="tests.InternetPlanTest">
        <test-method is-config="true" signature="beforeSuite()[pri:0, instance:tests.InternetPlanTest@4009e306]" started-at="2025-07-28T15:57:56 IST" name="beforeSuite" finished-at="2025-07-28T15:58:09 IST" duration-ms="12731" status="PASS">
          <reporter-output>
          </reporter-output>
        </test-method> <!-- beforeSuite -->
        <test-method is-config="true" signature="beforeMethod(java.lang.reflect.Method)[pri:0, instance:tests.InternetPlanTest@4009e306]" started-at="2025-07-28T15:58:09 IST" name="beforeMethod" finished-at="2025-07-28T15:58:09 IST" duration-ms="6" status="PASS">
          <params>
            <param index="0">
              <value>
                <![CDATA[public void tests.InternetPlanTest.verify5gInternetPlanpage()]]>
              </value>
            </param>
          </params>
          <reporter-output>
          </reporter-output>
        </test-method> <!-- beforeMethod -->
        <test-method signature="verify5gInternetPlanpage()[pri:1, instance:tests.InternetPlanTest@4009e306]" started-at="2025-07-28T15:58:09 IST" name="verify5gInternetPlanpage" finished-at="2025-07-28T15:58:28 IST" duration-ms="18796" status="PASS">
          <reporter-output>
            <line>
              <![CDATA[📄 Page Title: UMAXX - BIGGER FASTER STRONGER UMAXX 5G TV, IPTV]]>
            </line>
            <line>
              <![CDATA[✅ Page title verification passed]]>
            </line>
            <line>
              <![CDATA[✅ Clicked the Navbar Toggle button]]>
            </line>
            <line>
              <![CDATA[✅ Clicked on 5G Internet Plans link]]>
            </line>
            <line>
              <![CDATA[📄 Found heading: 5G Internet Plans]]>
            </line>
            <line>
              <![CDATA[✅ 5G Internet Plans heading text is correct]]>
            </line>
            <line>
              <![CDATA[📄 Paragraph text found: Experience Military Grade Speed and Security]]>
            </line>
            <line>
              <![CDATA[✅ Paragraph text is correct]]>
            </line>
            <line>
              <![CDATA[📄 Link text found: See Why UMAXX Offers America's Best Privacy & Security]]>
            </line>
            <line>
              <![CDATA[✅ Privacy & Security link text is correct]]>
            </line>
            <line>
              <![CDATA[📄 Found plan text: STARTER]]>
            </line>
            <line>
              <![CDATA[✅ 'STARTER' plan is displayed and scrolled into view]]>
            </line>
            <line>
              <![CDATA[📄 Found plan text: EXTRA]]>
            </line>
            <line>
              <![CDATA[✅ 'EXTRA' plan is displayed and scrolled into view]]>
            </line>
            <line>
              <![CDATA[📄 Found plan text: PREMIUM]]>
            </line>
            <line>
              <![CDATA[✅ 'PREMIUM' plan is displayed and scrolled into view]]>
            </line>
            <line>
              <![CDATA[📄 Found Starter plan price: 39]]>
            </line>
            <line>
              <![CDATA[✅ Starter plan price is correct and visible]]>
            </line>
            <line>
              <![CDATA[📄 Found Extra plan price: 79]]>
            </line>
            <line>
              <![CDATA[✅ Extra plan price is correct and visible]]>
            </line>
            <line>
              <![CDATA[📄 Found Premium plan price: 139]]>
            </line>
            <line>
              <![CDATA[✅ Premium plan price is correct and visible]]>
            </line>
            <line>
              <![CDATA[📄 Found Starter data plan: 10 GB]]>
            </line>
            <line>
              <![CDATA[✅ Starter data plan is correct and visible]]>
            </line>
            <line>
              <![CDATA[📄 Found EXTRA data plan: 50 GB]]>
            </line>
            <line>
              <![CDATA[✅ EXTRA data plan is correct and visible]]>
            </line>
            <line>
              <![CDATA[📄 Found PREMIUM data plan tag: UNLIMITED]]>
            </line>
            <line>
              <![CDATA[✅ PREMIUM data plan is correct and visible]]>
            </line>
          </reporter-output>
        </test-method> <!-- verify5gInternetPlanpage -->
        <test-method is-config="true" signature="afterMethod(java.lang.reflect.Method)[pri:0, instance:tests.InternetPlanTest@4009e306]" started-at="2025-07-28T15:58:28 IST" name="afterMethod" finished-at="2025-07-28T15:58:28 IST" duration-ms="206" status="PASS">
          <params>
            <param index="0">
              <value>
                <![CDATA[public void tests.InternetPlanTest.verify5gInternetPlanpage()]]>
              </value>
            </param>
          </params>
          <reporter-output>
          </reporter-output>
        </test-method> <!-- afterMethod -->
        <test-method signature="verifyselectplan()[pri:2, instance:tests.InternetPlanTest@4009e306]" started-at="2025-07-28T15:58:28 IST" name="verifyselectplan" finished-at="2025-07-28T15:58:40 IST" duration-ms="11809" status="PASS">
          <reporter-output>
            <line>
              <![CDATA[✅ Clicked on the STARTER plan]]>
            </line>
            <line>
              <![CDATA[📄 Found heading text: 5G Coverage Availability]]>
            </line>
            <line>
              <![CDATA[✅ 5G Coverage Availability heading is correct]]>
            </line>
            <line>
              <![CDATA[📥 Entered ZIP code: 12345]]>
            </line>
            <line>
              <![CDATA[🟢 Clicked on the GO button after entering ZIP code]]>
            </line>
          </reporter-output>
        </test-method> <!-- verifyselectplan -->
        <test-method is-config="true" signature="beforeMethod(java.lang.reflect.Method)[pri:0, instance:tests.InternetPlanTest@4009e306]" started-at="2025-07-28T15:58:28 IST" name="beforeMethod" finished-at="2025-07-28T15:58:28 IST" duration-ms="0" status="PASS">
          <params>
            <param index="0">
              <value>
                <![CDATA[public void tests.InternetPlanTest.verifyselectplan()]]>
              </value>
            </param>
          </params>
          <reporter-output>
          </reporter-output>
        </test-method> <!-- beforeMethod -->
        <test-method is-config="true" signature="afterMethod(java.lang.reflect.Method)[pri:0, instance:tests.InternetPlanTest@4009e306]" started-at="2025-07-28T15:58:40 IST" name="afterMethod" finished-at="2025-07-28T15:58:40 IST" duration-ms="220" status="PASS">
          <params>
            <param index="0">
              <value>
                <![CDATA[public void tests.InternetPlanTest.verifyselectplan()]]>
              </value>
            </param>
          </params>
          <reporter-output>
          </reporter-output>
        </test-method> <!-- afterMethod -->
        <test-method signature="verifyRouterFunctionality()[pri:3, instance:tests.InternetPlanTest@4009e306]" started-at="2025-07-28T15:58:40 IST" name="verifyRouterFunctionality" finished-at="2025-07-28T15:59:19 IST" duration-ms="38804" status="PASS">
          <reporter-output>
            <line>
              <![CDATA[📄 Found heading: Choose Your 5G Wireless Device]]>
            </line>
            <line>
              <![CDATA[✅ 5G Wireless Device heading is correct]]>
            </line>
            <line>
              <![CDATA[✅ Clicked on 'See Why UMAXX Offers America's Best Coverage' link]]>
            </line>
            <line>
              <![CDATA[📄 Found paragraph text: Map Shows 5G Coverage of UMAXX,Verizon and AT&T]]>
            </line>
            <line>
              <![CDATA[✅ 5G Coverage paragraph text is correct]]>
            </line>
            <line>
              <![CDATA[✅ Clicked on the close (X) button]]>
            </line>
            <line>
              <![CDATA[📄 Found paragraph: Mobile Pocket WI-FI]]>
            </line>
            <line>
              <![CDATA[✅ Mobile Pocket WI-FI text is correct]]>
            </line>
            <line>
              <![CDATA[📄 Found paragraph: In-Home Device]]>
            </line>
            <line>
              <![CDATA[✅ In-Home Device text is correct]]>
            </line>
            <line>
              <![CDATA[📄 Found device title: Netgear MR6150]]>
            </line>
            <line>
              <![CDATA[✅ Netgear MR6150 device name is correctly displayed]]>
            </line>
            <line>
              <![CDATA[📄 Found device title: Nokia FWA 12]]>
            </line>
            <line>
              <![CDATA[✅ Nokia FWA 12 device name is correctly displayed]]>
            </line>
            <line>
              <![CDATA[📌 Best Use Text Found: HOME, BOAT,RV & ON-THE-GO]]>
            </line>
            <line>
              <![CDATA[✅ Netgear is correctly labeled for HOME, BOAT, RV & ON-THE-GO]]>
            </line>
            <line>
              <![CDATA[📌 Best Use Text Found for Nokia FWA: PERFECT FOR HOME]]>
            </line>
            <line>
              <![CDATA[✅ Nokia FWA 12 is correctly labeled as PERFECT FOR HOME]]>
            </line>
            <line>
              <![CDATA[✅ Clicked on 'More Details' for Netgear]]>
            </line>
            <line>
              <![CDATA[✅ Clicked Close button on document/modal]]>
            </line>
            <line>
              <![CDATA[✅ Clicked 'More Details' link for Nokia FWA]]>
            </line>
            <line>
              <![CDATA[🔁 Switched to document window]]>
            </line>
            <line>
              <![CDATA[❎ Closed document tab]]>
            </line>
            <line>
              <![CDATA[🔙 Switched back to main window]]>
            </line>
            <line>
              <![CDATA[✅ Clicked 'Select' button for Netgear device]]>
            </line>
            <line>
              <![CDATA[📄 Found message: This is a soft credit pull — it will not affect your credit score.]]>
            </line>
            <line>
              <![CDATA[✅ Credit pull message is correct]]>
            </line>
            <line>
              <![CDATA[✅ Clicked 'Continue' button for Netgear device]]>
            </line>
          </reporter-output>
        </test-method> <!-- verifyRouterFunctionality -->
        <test-method is-config="true" signature="beforeMethod(java.lang.reflect.Method)[pri:0, instance:tests.InternetPlanTest@4009e306]" started-at="2025-07-28T15:58:40 IST" name="beforeMethod" finished-at="2025-07-28T15:58:40 IST" duration-ms="0" status="PASS">
          <params>
            <param index="0">
              <value>
                <![CDATA[public void tests.InternetPlanTest.verifyRouterFunctionality()]]>
              </value>
            </param>
          </params>
          <reporter-output>
          </reporter-output>
        </test-method> <!-- beforeMethod -->
        <test-method is-config="true" signature="afterMethod(java.lang.reflect.Method)[pri:0, instance:tests.InternetPlanTest@4009e306]" started-at="2025-07-28T15:59:19 IST" name="afterMethod" finished-at="2025-07-28T15:59:19 IST" duration-ms="126" status="PASS">
          <params>
            <param index="0">
              <value>
                <![CDATA[public void tests.InternetPlanTest.verifyRouterFunctionality()]]>
              </value>
            </param>
          </params>
          <reporter-output>
          </reporter-output>
        </test-method> <!-- afterMethod -->
        <test-method is-config="true" signature="beforeMethod(java.lang.reflect.Method)[pri:0, instance:tests.InternetPlanTest@4009e306]" started-at="2025-07-28T15:59:19 IST" name="beforeMethod" finished-at="2025-07-28T15:59:19 IST" duration-ms="2" status="PASS">
          <params>
            <param index="0">
              <value>
                <![CDATA[public void tests.InternetPlanTest.Fillisoftdetails()]]>
              </value>
            </param>
          </params>
          <reporter-output>
          </reporter-output>
        </test-method> <!-- beforeMethod -->
        <test-method signature="Fillisoftdetails()[pri:4, instance:tests.InternetPlanTest@4009e306]" started-at="2025-07-28T15:59:19 IST" name="Fillisoftdetails" finished-at="2025-07-28T15:59:24 IST" duration-ms="5355" status="PASS">
          <reporter-output>
            <line>
              <![CDATA[✅ Entered First Name: Test]]>
            </line>
            <line>
              <![CDATA[✅ Entered Last Name: test2]]>
            </line>
          </reporter-output>
        </test-method> <!-- Fillisoftdetails -->
        <test-method is-config="true" signature="afterMethod(java.lang.reflect.Method)[pri:0, instance:tests.InternetPlanTest@4009e306]" started-at="2025-07-28T15:59:24 IST" name="afterMethod" finished-at="2025-07-28T15:59:24 IST" duration-ms="149" status="PASS">
          <params>
            <param index="0">
              <value>
                <![CDATA[public void tests.InternetPlanTest.Fillisoftdetails()]]>
              </value>
            </param>
          </params>
          <reporter-output>
          </reporter-output>
        </test-method> <!-- afterMethod -->
        <test-method is-config="true" signature="beforeMethod(java.lang.reflect.Method)[pri:0, instance:tests.InternetPlanTest@4009e306]" started-at="2025-07-28T15:59:24 IST" name="beforeMethod" finished-at="2025-07-28T15:59:24 IST" duration-ms="5" status="PASS">
          <params>
            <param index="0">
              <value>
                <![CDATA[public void tests.InternetPlanTest.orderNowform()]]>
              </value>
            </param>
          </params>
          <reporter-output>
          </reporter-output>
        </test-method> <!-- beforeMethod -->
        <test-method signature="orderNowform()[pri:5, instance:tests.InternetPlanTest@4009e306]" started-at="2025-07-28T15:59:24 IST" name="orderNowform" finished-at="2025-07-28T15:59:55 IST" duration-ms="30851" status="PASS">
          <reporter-output>
            <line>
              <![CDATA[✅ Navigated to Finance Error Page: https://test-umaxx-tv.herokuapp.com/finance/error]]>
            </line>
            <line>
              <![CDATA[✅ Verified message: You’re Still Eligible to Get UMAXX]]>
            </line>
            <line>
              <![CDATA[✅ Clicked on 'Continue' button]]>
            </line>
            <line>
              <![CDATA[✅ Verified 'Order Now' heading is present]]>
            </line>
            <line>
              <![CDATA[✅ Entered dynamic Order Email: testuser1753698573084@gmail.com]]>
            </line>
            <line>
              <![CDATA[✅ Entered Order Password: xyzz4365]]>
            </line>
            <line>
              <![CDATA[✅ Entered Order Phone Number: 7865437698]]>
            </line>
            <line>
              <![CDATA[✅ Entered Order First Name: tTestP]]>
            </line>
            <line>
              <![CDATA[✅ Entered Order Last Name: DemmoTe]]>
            </line>
            <line>
              <![CDATA[✅ Entered Order Address: San Antonio]]>
            </line>
            <line>
              <![CDATA[✅ Clicked on address suggestion: San Antonio]]>
            </line>
            <line>
              <![CDATA[✅ Total Amount Displayed: Total]]>
            </line>
            <line>
              <![CDATA[✅ Total Amount is correctly displayed: $238.99]]>
            </line>
            <line>
              <![CDATA[✅ Clicked on Terms & Conditions checkbox]]>
            </line>
            <line>
              <![CDATA[✅ Clicked 'PROCEED TO FINAL STEP' button]]>
            </line>
          </reporter-output>
        </test-method> <!-- orderNowform -->
        <test-method is-config="true" signature="afterMethod(java.lang.reflect.Method)[pri:0, instance:tests.InternetPlanTest@4009e306]" started-at="2025-07-28T15:59:55 IST" name="afterMethod" finished-at="2025-07-28T15:59:55 IST" duration-ms="181" status="PASS">
          <params>
            <param index="0">
              <value>
                <![CDATA[public void tests.InternetPlanTest.orderNowform()]]>
              </value>
            </param>
          </params>
          <reporter-output>
          </reporter-output>
        </test-method> <!-- afterMethod -->
        <test-method signature="FillcardDetails()[pri:6, instance:tests.InternetPlanTest@4009e306]" started-at="2025-07-28T15:59:55 IST" name="FillcardDetails" finished-at="2025-07-28T16:00:46 IST" duration-ms="50717" status="FAIL">
          <exception class="java.lang.AssertionError">
            <message>
              <![CDATA[❌ Could not find Stripe card number field in any iframe.]]>
            </message>
            <full-stacktrace>
              <![CDATA[java.lang.AssertionError: ❌ Could not find Stripe card number field in any iframe.
at org.testng.Assert.fail(Assert.java:111)
at pages.InternetPlanPage.enterStripeCardNumber(InternetPlanPage.java:1059)
at tests.InternetPlanTest.FillcardDetails(InternetPlanTest.java:98)
at java.base/jdk.internal.reflect.DirectMethodHandleAccessor.invoke(DirectMethodHandleAccessor.java:103)
at java.base/java.lang.reflect.Method.invoke(Method.java:580)
at org.testng.internal.invokers.MethodInvocationHelper.invokeMethod(MethodInvocationHelper.java:141)
at org.testng.internal.invokers.TestInvoker.invokeMethod(TestInvoker.java:686)
at org.testng.internal.invokers.TestInvoker.invokeTestMethod(TestInvoker.java:230)
at org.testng.internal.invokers.MethodRunner.runInSequence(MethodRunner.java:63)
at org.testng.internal.invokers.TestInvoker$MethodInvocationAgent.invoke(TestInvoker.java:992)
at org.testng.internal.invokers.TestInvoker.invokeTestMethods(TestInvoker.java:203)
at org.testng.internal.invokers.TestMethodWorker.invokeTestMethods(TestMethodWorker.java:154)
at org.testng.internal.invokers.TestMethodWorker.run(TestMethodWorker.java:134)
at java.base/java.util.ArrayList.forEach(ArrayList.java:1597)
at org.testng.TestRunner.privateRun(TestRunner.java:739)
at org.testng.TestRunner.run(TestRunner.java:614)
at org.testng.SuiteRunner.runTest(SuiteRunner.java:421)
at org.testng.SuiteRunner.runSequentially(SuiteRunner.java:413)
at org.testng.SuiteRunner.privateRun(SuiteRunner.java:373)
at org.testng.SuiteRunner.run(SuiteRunner.java:312)
at org.testng.SuiteRunnerWorker.runSuite(SuiteRunnerWorker.java:52)
at org.testng.SuiteRunnerWorker.run(SuiteRunnerWorker.java:95)
at org.testng.TestNG.runSuitesSequentially(TestNG.java:1274)
at org.testng.TestNG.runSuitesLocally(TestNG.java:1208)
at org.testng.TestNG.runSuites(TestNG.java:1112)
at org.testng.TestNG.run(TestNG.java:1079)
at org.testng.remote.AbstractRemoteTestNG.run(AbstractRemoteTestNG.java:115)
at org.testng.remote.RemoteTestNG.initAndRun(RemoteTestNG.java:293)
at org.testng.remote.RemoteTestNG.main(RemoteTestNG.java:91)
]]>
            </full-stacktrace>
          </exception> <!-- java.lang.AssertionError -->
          <reporter-output>
          </reporter-output>
        </test-method> <!-- FillcardDetails -->
        <test-method is-config="true" signature="beforeMethod(java.lang.reflect.Method)[pri:0, instance:tests.InternetPlanTest@4009e306]" started-at="2025-07-28T15:59:55 IST" name="beforeMethod" finished-at="2025-07-28T15:59:55 IST" duration-ms="0" status="PASS">
          <params>
            <param index="0">
              <value>
                <![CDATA[public void tests.InternetPlanTest.FillcardDetails()]]>
              </value>
            </param>
          </params>
          <reporter-output>
          </reporter-output>
        </test-method> <!-- beforeMethod -->
        <test-method is-config="true" signature="afterMethod(java.lang.reflect.Method)[pri:0, instance:tests.InternetPlanTest@4009e306]" started-at="2025-07-28T16:00:46 IST" name="afterMethod" finished-at="2025-07-28T16:00:46 IST" duration-ms="144" status="PASS">
          <params>
            <param index="0">
              <value>
                <![CDATA[public void tests.InternetPlanTest.FillcardDetails()]]>
              </value>
            </param>
          </params>
          <reporter-output>
          </reporter-output>
        </test-method> <!-- afterMethod -->
        <test-method is-config="true" signature="afterSuite()[pri:0, instance:tests.InternetPlanTest@4009e306]" started-at="2025-07-28T16:00:46 IST" name="afterSuite" finished-at="2025-07-28T16:00:47 IST" duration-ms="1063" status="PASS">
          <reporter-output>
          </reporter-output>
        </test-method> <!-- afterSuite -->
      </class> <!-- tests.InternetPlanTest -->
    </test> <!-- Default test -->
  </suite> <!-- Default suite -->
</testng-results>
