<?xml version="1.0" encoding="UTF-8"?>
<!-- Generated by org.testng.reporters.JUnitReportReporter -->
<testsuite hostname="DESKTOP-06TRTHG" failures="0" tests="1" name="tests.UmaxxAboutTest" time="17.438" errors="0" timestamp="2025-07-19T15:00:05 IST" skipped="0">
  <testcase classname="tests.UmaxxAboutTest" name="verifyUmaxxAboutPage" time="17.438">
    <system-out>
      <![CDATA[✅ Clicked the Navbar Toggle button
✅ Clicked on 'About' page 
✅ Military-grade backbone text verified: UMAXX’s proprietary Military-Grade backbone provides its customers with a faster, stronger, and more reliable secure connection that eliminates buffering.
✅ CTA Button text verified: Yes, I Want Military Grade Internet
✅ Successfully clicked on 'Click Now' CTA button
✅ Heading text verified: 5G Internet Plans
↩️ Navigated back to previous page]]>
    </system-out>
  </testcase> <!-- verifyUmaxxAboutPage -->
  <system-out>
    <![CDATA[✅ Clicked the Navbar Toggle button
✅ Clicked on 'About' page 
✅ Military-grade backbone text verified: UMAXX’s proprietary Military-Grade backbone provides its customers with a faster, stronger, and more reliable secure connection that eliminates buffering.
✅ CTA Button text verified: Yes, I Want Military Grade Internet
✅ Successfully clicked on 'Click Now' CTA button
✅ Heading text verified: 5G Internet Plans
↩️ Navigated back to previous page]]>
  </system-out>
</testsuite> <!-- tests.UmaxxAboutTest -->
