<?xml version="1.0" encoding="UTF-8"?>
<!-- Generated by org.testng.reporters.JUnitReportReporter -->
<testsuite hostname="DESKTOP-06TRTHG" failures="0" tests="1" name="tests.CoverageAvailityTest" time="88.278" errors="0" timestamp="2025-07-19T12:11:26 IST" skipped="0">
  <testcase classname="tests.CoverageAvailityTest" name="verify5GInternetCoverageAvaility" time="88.278">
    <system-out>
      <![CDATA[✅ Clicked on navbar hamburger button
✅ Clicked on '5G Coverage Availability'
✅ Header text verified: UMAXX: America's Best 5G Coverage
✅ Coverage subtitle text verified: Enter ZipCode to confirm coverage in your area
✅ Entered ZIP code: 12345
✅ Clicked on Search button
✅ Coverage success message verified: Awesome news, we offer coverage in your area, now let’s get you the right plan.
✅ Clicked on 'Order Now' link
✅ Verified 5G Internet heading: Which 5G Internet package is right for you?
↩️ Navigated back to previous page
✅ Cleared text from Coverage Code field
✅ Entered ZIP code: 77889
✅ Clicked on Search button
✅ No-coverage message verified: Sorry we’re not there yet, but we’re constantly expanding coverage, so please provide your info and we’ll contact you as soon as we’re in your neighborhood.
✅ Entered email into Visitor Email Address field
✅ Clicked on Notify button
✅ Thank You message is displayed]]>
    </system-out>
  </testcase> <!-- verify5GInternetCoverageAvaility -->
  <system-out>
    <![CDATA[✅ Clicked on navbar hamburger button
✅ Clicked on '5G Coverage Availability'
✅ Header text verified: UMAXX: America's Best 5G Coverage
✅ Coverage subtitle text verified: Enter ZipCode to confirm coverage in your area
✅ Entered ZIP code: 12345
✅ Clicked on Search button
✅ Coverage success message verified: Awesome news, we offer coverage in your area, now let’s get you the right plan.
✅ Clicked on 'Order Now' link
✅ Verified 5G Internet heading: Which 5G Internet package is right for you?
↩️ Navigated back to previous page
✅ Cleared text from Coverage Code field
✅ Entered ZIP code: 77889
✅ Clicked on Search button
✅ No-coverage message verified: Sorry we’re not there yet, but we’re constantly expanding coverage, so please provide your info and we’ll contact you as soon as we’re in your neighborhood.
✅ Entered email into Visitor Email Address field
✅ Clicked on Notify button
✅ Thank You message is displayed]]>
  </system-out>
</testsuite> <!-- tests.CoverageAvailityTest -->
