<?xml version="1.0" encoding="UTF-8"?>
<!-- Generated by org.testng.reporters.JUnitReportReporter -->
<testsuite hostname="DESKTOP-06TRTHG" failures="0" tests="4" name="tests.CustomerLoginTest" time="393.631" errors="0" timestamp="2025-07-19T12:56:42 IST" skipped="0">
  <testcase classname="tests.CustomerLoginTest" name="verifyLoginPage" time="29.958">
    <system-out>
      <![CDATA[✅ Clicked on navbar hamburger button
✅ Clicked on 'Customer Login' link
✅ Entered username: chetana1.workfh@gmail.com
✅ Entered password: Himani2023
✅ Clicked on Login button
✅ No CAPTCHA displayed
✅ Username displayed and matches: sharmaa0d9
✅ Payment status is correctly displayed: Payment Done
✅ Created Date is correctly displayed: 17/06/2025
✅ UMAXX EXTRA successfully purchased and displayed on the page.
✅ Hotspot device name 'Nokia FWA 12' is displayed correctly.
✅ Clicked on 'View Details' for user 'sharmaa0d9'
✅ Total amount displayed: $278.99
✅ Total amount matches expected: $278.99
✅ Deposit amount displayed: + $199.00
✅ Deposit amount matches expected: + $199.00]]>
    </system-out>
  </testcase> <!-- verifyLoginPage -->
  <testcase classname="tests.CustomerLoginTest" name="InvoiceFunctionality" time="49.477">
    <system-out>
      <![CDATA[✅ Clicked on 'View Invoices' button successfully.
✅ Clicked on '5G Subscription Invoice' link successfully.
✅ Switched to new window/tab for invoice.
✅ Clicked on the invoice options icon (SVG).
✅ Invoice number matched: YC5HE19Y-0002
✅ Purchase date displayed: June 17, 2025
✅ Purchase date matches expected: June 17, 2025
✅ Remaining amount displayed: $0.00
✅ Remaining amount matches expected: $0.00
✅ Successfully clicked on 'Download Receipt' button.
✅ Receipt downloaded successfully.
✅ Successfully clicked on 'Download Receipt' button.
✅ Receipt downloaded successfully.
❎ Closed current invoice window
🔙 Switched back to UMAXX parent window
✅ Clicked on 'View Invoices' button successfully.
✅ Clicked on 'Deposit Invoice' link successfully.
✅ Switched to new window/tab for invoice.
✅ Clicked on the invoice options icon (SVG).
✅ Deposit amount is correctly displayed as $199.00
✅ Successfully clicked on 'Download Receipt' button.
✅ Receipt downloaded successfully.
✅ Successfully clicked on 'Download Receipt' button.
✅ Receipt downloaded successfully.
❎ Closed current invoice window
🔙 Switched back to UMAXX parent window]]>
    </system-out>
  </testcase> <!-- InvoiceFunctionality -->
  <testcase classname="tests.CustomerLoginTest" name="verifyEditPersonalFunctionality" time="14.377">
    <system-out>
      <![CDATA[✅ Clicked on 'Settings' button successfully.
✅ Clicked on 'Edit Account' button successfully.
✅ Phone number entered successfully: 7894561235
✅ Clicked on 'Update' button successfully.
✅ 'Updated successfully' toast message verified.]]>
    </system-out>
  </testcase> <!-- verifyEditPersonalFunctionality -->
  <testcase classname="tests.CustomerLoginTest" name="verifyEditCardRelatedFunctionality" time="299.819">
    <system-out>
      <![CDATA[✅ Clicked on 'Settings' button successfully.
✅ Clicked on 'Edit Card Details' link
✅ Success toast is displayed successfully]]>
    </system-out>
  </testcase> <!-- verifyEditCardRelatedFunctionality -->
  <system-out>
    <![CDATA[✅ Clicked on navbar hamburger button
✅ Clicked on 'Customer Login' link
✅ Entered username: chetana1.workfh@gmail.com
✅ Entered password: Himani2023
✅ Clicked on Login button
✅ No CAPTCHA displayed
✅ Username displayed and matches: sharmaa0d9
✅ Payment status is correctly displayed: Payment Done
✅ Created Date is correctly displayed: 17/06/2025
✅ UMAXX EXTRA successfully purchased and displayed on the page.
✅ Hotspot device name 'Nokia FWA 12' is displayed correctly.
✅ Clicked on 'View Details' for user 'sharmaa0d9'
✅ Total amount displayed: $278.99
✅ Total amount matches expected: $278.99
✅ Deposit amount displayed: + $199.00
✅ Deposit amount matches expected: + $199.00
✅ Clicked on 'View Invoices' button successfully.
✅ Clicked on '5G Subscription Invoice' link successfully.
✅ Switched to new window/tab for invoice.
✅ Clicked on the invoice options icon (SVG).
✅ Invoice number matched: YC5HE19Y-0002
✅ Purchase date displayed: June 17, 2025
✅ Purchase date matches expected: June 17, 2025
✅ Remaining amount displayed: $0.00
✅ Remaining amount matches expected: $0.00
✅ Successfully clicked on 'Download Receipt' button.
✅ Receipt downloaded successfully.
✅ Successfully clicked on 'Download Receipt' button.
✅ Receipt downloaded successfully.
❎ Closed current invoice window
🔙 Switched back to UMAXX parent window
✅ Clicked on 'View Invoices' button successfully.
✅ Clicked on 'Deposit Invoice' link successfully.
✅ Switched to new window/tab for invoice.
✅ Clicked on the invoice options icon (SVG).
✅ Deposit amount is correctly displayed as $199.00
✅ Successfully clicked on 'Download Receipt' button.
✅ Receipt downloaded successfully.
✅ Successfully clicked on 'Download Receipt' button.
✅ Receipt downloaded successfully.
❎ Closed current invoice window
🔙 Switched back to UMAXX parent window
✅ Clicked on 'Settings' button successfully.
✅ Clicked on 'Edit Account' button successfully.
✅ Phone number entered successfully: 7894561235
✅ Clicked on 'Update' button successfully.
✅ 'Updated successfully' toast message verified.
✅ Clicked on 'Settings' button successfully.
✅ Clicked on 'Edit Card Details' link
✅ Success toast is displayed successfully]]>
  </system-out>
</testsuite> <!-- tests.CustomerLoginTest -->
