<?xml version="1.0" encoding="UTF-8"?>
<!-- Generated by org.testng.reporters.JUnitReportReporter -->
<testsuite hostname="DESKTOP-06TRTHG" failures="0" tests="1" name="tests.UmaxxStoreTest" time="11.457" errors="0" timestamp="2025-07-19T15:09:28 IST" skipped="0">
  <testcase classname="tests.UmaxxStoreTest" name="verifyUmaxxStore" time="11.457">
    <system-out>
      <![CDATA[✅ Clicked the Navbar Toggle button
✅ Clicked on 'UMAXX Store'
✅ Verified heading text: Welcome 2 UMAXX Merchandise
✅ Announcement bar text verified: Join the UMAXX Revolution get 20% off all merch]]>
    </system-out>
  </testcase> <!-- verifyUmaxxStore -->
  <system-out>
    <![CDATA[✅ Clicked the Navbar Toggle button
✅ Clicked on 'UMAXX Store'
✅ Verified heading text: Welcome 2 UMAXX Merchandise
✅ Announcement bar text verified: Join the UMAXX Revolution get 20% off all merch]]>
  </system-out>
</testsuite> <!-- tests.UmaxxStoreTest -->
