<?xml version="1.0" encoding="UTF-8"?>
<!-- Generated by org.testng.reporters.JUnitReportReporter -->
<testsuite hostname="DESKTOP-06TRTHG" failures="1" tests="6" name="tests.InternetPlanTest" time="157.371" errors="0" timestamp="2025-07-28T16:00:48 IST" skipped="0">
  <testcase classname="tests.InternetPlanTest" name="verify5gInternetPlanpage" time="18.977">
    <system-out>
      <![CDATA[📄 Page Title: UMAXX - BIGGER FASTER STRONGER UMAXX 5G TV, IPTV
✅ Page title verification passed
✅ Clicked the Navbar Toggle button
✅ Clicked on 5G Internet Plans link
📄 Found heading: 5G Internet Plans
✅ 5G Internet Plans heading text is correct
📄 Paragraph text found: Experience Military Grade Speed and Security
✅ Paragraph text is correct
📄 Link text found: See Why UMAXX Offers America's Best Privacy & Security
✅ Privacy & Security link text is correct
📄 Found plan text: STARTER
✅ 'STARTER' plan is displayed and scrolled into view
📄 Found plan text: EXTRA
✅ 'EXTRA' plan is displayed and scrolled into view
📄 Found plan text: PREMIUM
✅ 'PREMIUM' plan is displayed and scrolled into view
📄 Found Starter plan price: 39
✅ Starter plan price is correct and visible
📄 Found Extra plan price: 79
✅ Extra plan price is correct and visible
📄 Found Premium plan price: 139
✅ Premium plan price is correct and visible
📄 Found Starter data plan: 10 GB
✅ Starter data plan is correct and visible
📄 Found EXTRA data plan: 50 GB
✅ EXTRA data plan is correct and visible
📄 Found PREMIUM data plan tag: UNLIMITED
✅ PREMIUM data plan is correct and visible]]>
    </system-out>
  </testcase> <!-- verify5gInternetPlanpage -->
  <testcase classname="tests.InternetPlanTest" name="verifyselectplan" time="11.941">
    <system-out>
      <![CDATA[✅ Clicked on the STARTER plan
📄 Found heading text: 5G Coverage Availability
✅ 5G Coverage Availability heading is correct
📥 Entered ZIP code: 12345
🟢 Clicked on the GO button after entering ZIP code]]>
    </system-out>
  </testcase> <!-- verifyselectplan -->
  <testcase classname="tests.InternetPlanTest" name="verifyRouterFunctionality" time="39.015">
    <system-out>
      <![CDATA[📄 Found heading: Choose Your 5G Wireless Device
✅ 5G Wireless Device heading is correct
✅ Clicked on 'See Why UMAXX Offers America's Best Coverage' link
📄 Found paragraph text: Map Shows 5G Coverage of UMAXX,Verizon and AT&T
✅ 5G Coverage paragraph text is correct
✅ Clicked on the close (X) button
📄 Found paragraph: Mobile Pocket WI-FI
✅ Mobile Pocket WI-FI text is correct
📄 Found paragraph: In-Home Device
✅ In-Home Device text is correct
📄 Found device title: Netgear MR6150
✅ Netgear MR6150 device name is correctly displayed
📄 Found device title: Nokia FWA 12
✅ Nokia FWA 12 device name is correctly displayed
📌 Best Use Text Found: HOME, BOAT,RV & ON-THE-GO
✅ Netgear is correctly labeled for HOME, BOAT, RV & ON-THE-GO
📌 Best Use Text Found for Nokia FWA: PERFECT FOR HOME
✅ Nokia FWA 12 is correctly labeled as PERFECT FOR HOME
✅ Clicked on 'More Details' for Netgear
✅ Clicked Close button on document/modal
✅ Clicked 'More Details' link for Nokia FWA
🔁 Switched to document window
❎ Closed document tab
🔙 Switched back to main window
✅ Clicked 'Select' button for Netgear device
📄 Found message: This is a soft credit pull — it will not affect your credit score.
✅ Credit pull message is correct
✅ Clicked 'Continue' button for Netgear device]]>
    </system-out>
  </testcase> <!-- verifyRouterFunctionality -->
  <testcase classname="tests.InternetPlanTest" name="Fillisoftdetails" time="5.504">
    <system-out>
      <![CDATA[✅ Entered First Name: Test
✅ Entered Last Name: test2]]>
    </system-out>
  </testcase> <!-- Fillisoftdetails -->
  <testcase classname="tests.InternetPlanTest" name="orderNowform" time="30.997">
    <system-out>
      <![CDATA[✅ Navigated to Finance Error Page: https://test-umaxx-tv.herokuapp.com/finance/error
✅ Verified message: You’re Still Eligible to Get UMAXX
✅ Clicked on 'Continue' button
✅ Verified 'Order Now' heading is present
✅ Entered dynamic Order Email: testuser1753698573084@gmail.com
✅ Entered Order Password: xyzz4365
✅ Entered Order Phone Number: 7865437698
✅ Entered Order First Name: tTestP
✅ Entered Order Last Name: DemmoTe
✅ Entered Order Address: San Antonio
✅ Clicked on address suggestion: San Antonio
✅ Total Amount Displayed: Total
✅ Total Amount is correctly displayed: $238.99
✅ Clicked on Terms & Conditions checkbox
✅ Clicked 'PROCEED TO FINAL STEP' button]]>
    </system-out>
  </testcase> <!-- orderNowform -->
  <testcase classname="tests.InternetPlanTest" name="FillcardDetails" time="50.937">
    <failure message="❌ Could not find Stripe card number field in any iframe." type="java.lang.AssertionError">
      <![CDATA[java.lang.AssertionError: ❌ Could not find Stripe card number field in any iframe.
at org.testng.Assert.fail(Assert.java:111)
at pages.InternetPlanPage.enterStripeCardNumber(InternetPlanPage.java:1059)
at tests.InternetPlanTest.FillcardDetails(InternetPlanTest.java:98)
at java.base/jdk.internal.reflect.DirectMethodHandleAccessor.invoke(DirectMethodHandleAccessor.java:103)
at java.base/java.lang.reflect.Method.invoke(Method.java:580)
at org.testng.internal.invokers.MethodInvocationHelper.invokeMethod(MethodInvocationHelper.java:141)
at org.testng.internal.invokers.TestInvoker.invokeMethod(TestInvoker.java:686)
at org.testng.internal.invokers.TestInvoker.invokeTestMethod(TestInvoker.java:230)
at org.testng.internal.invokers.MethodRunner.runInSequence(MethodRunner.java:63)
at org.testng.internal.invokers.TestInvoker$MethodInvocationAgent.invoke(TestInvoker.java:992)
at org.testng.internal.invokers.TestInvoker.invokeTestMethods(TestInvoker.java:203)
at org.testng.internal.invokers.TestMethodWorker.invokeTestMethods(TestMethodWorker.java:154)
at org.testng.internal.invokers.TestMethodWorker.run(TestMethodWorker.java:134)
at java.base/java.util.ArrayList.forEach(ArrayList.java:1597)
at org.testng.TestRunner.privateRun(TestRunner.java:739)
at org.testng.TestRunner.run(TestRunner.java:614)
at org.testng.SuiteRunner.runTest(SuiteRunner.java:421)
at org.testng.SuiteRunner.runSequentially(SuiteRunner.java:413)
at org.testng.SuiteRunner.privateRun(SuiteRunner.java:373)
at org.testng.SuiteRunner.run(SuiteRunner.java:312)
at org.testng.SuiteRunnerWorker.runSuite(SuiteRunnerWorker.java:52)
at org.testng.SuiteRunnerWorker.run(SuiteRunnerWorker.java:95)
at org.testng.TestNG.runSuitesSequentially(TestNG.java:1274)
at org.testng.TestNG.runSuitesLocally(TestNG.java:1208)
at org.testng.TestNG.runSuites(TestNG.java:1112)
at org.testng.TestNG.run(TestNG.java:1079)
at org.testng.remote.AbstractRemoteTestNG.run(AbstractRemoteTestNG.java:115)
at org.testng.remote.RemoteTestNG.initAndRun(RemoteTestNG.java:293)
at org.testng.remote.RemoteTestNG.main(RemoteTestNG.java:91)
]]>
    </failure>
  </testcase> <!-- FillcardDetails -->
  <system-out>
    <![CDATA[📄 Page Title: UMAXX - BIGGER FASTER STRONGER UMAXX 5G TV, IPTV
✅ Page title verification passed
✅ Clicked the Navbar Toggle button
✅ Clicked on 5G Internet Plans link
📄 Found heading: 5G Internet Plans
✅ 5G Internet Plans heading text is correct
📄 Paragraph text found: Experience Military Grade Speed and Security
✅ Paragraph text is correct
📄 Link text found: See Why UMAXX Offers America's Best Privacy & Security
✅ Privacy & Security link text is correct
📄 Found plan text: STARTER
✅ 'STARTER' plan is displayed and scrolled into view
📄 Found plan text: EXTRA
✅ 'EXTRA' plan is displayed and scrolled into view
📄 Found plan text: PREMIUM
✅ 'PREMIUM' plan is displayed and scrolled into view
📄 Found Starter plan price: 39
✅ Starter plan price is correct and visible
📄 Found Extra plan price: 79
✅ Extra plan price is correct and visible
📄 Found Premium plan price: 139
✅ Premium plan price is correct and visible
📄 Found Starter data plan: 10 GB
✅ Starter data plan is correct and visible
📄 Found EXTRA data plan: 50 GB
✅ EXTRA data plan is correct and visible
📄 Found PREMIUM data plan tag: UNLIMITED
✅ PREMIUM data plan is correct and visible
✅ Clicked on the STARTER plan
📄 Found heading text: 5G Coverage Availability
✅ 5G Coverage Availability heading is correct
📥 Entered ZIP code: 12345
🟢 Clicked on the GO button after entering ZIP code
📄 Found heading: Choose Your 5G Wireless Device
✅ 5G Wireless Device heading is correct
✅ Clicked on 'See Why UMAXX Offers America's Best Coverage' link
📄 Found paragraph text: Map Shows 5G Coverage of UMAXX,Verizon and AT&T
✅ 5G Coverage paragraph text is correct
✅ Clicked on the close (X) button
📄 Found paragraph: Mobile Pocket WI-FI
✅ Mobile Pocket WI-FI text is correct
📄 Found paragraph: In-Home Device
✅ In-Home Device text is correct
📄 Found device title: Netgear MR6150
✅ Netgear MR6150 device name is correctly displayed
📄 Found device title: Nokia FWA 12
✅ Nokia FWA 12 device name is correctly displayed
📌 Best Use Text Found: HOME, BOAT,RV & ON-THE-GO
✅ Netgear is correctly labeled for HOME, BOAT, RV & ON-THE-GO
📌 Best Use Text Found for Nokia FWA: PERFECT FOR HOME
✅ Nokia FWA 12 is correctly labeled as PERFECT FOR HOME
✅ Clicked on 'More Details' for Netgear
✅ Clicked Close button on document/modal
✅ Clicked 'More Details' link for Nokia FWA
🔁 Switched to document window
❎ Closed document tab
🔙 Switched back to main window
✅ Clicked 'Select' button for Netgear device
📄 Found message: This is a soft credit pull — it will not affect your credit score.
✅ Credit pull message is correct
✅ Clicked 'Continue' button for Netgear device
✅ Entered First Name: Test
✅ Entered Last Name: test2
✅ Navigated to Finance Error Page: https://test-umaxx-tv.herokuapp.com/finance/error
✅ Verified message: You’re Still Eligible to Get UMAXX
✅ Clicked on 'Continue' button
✅ Verified 'Order Now' heading is present
✅ Entered dynamic Order Email: testuser1753698573084@gmail.com
✅ Entered Order Password: xyzz4365
✅ Entered Order Phone Number: 7865437698
✅ Entered Order First Name: tTestP
✅ Entered Order Last Name: DemmoTe
✅ Entered Order Address: San Antonio
✅ Clicked on address suggestion: San Antonio
✅ Total Amount Displayed: Total
✅ Total Amount is correctly displayed: $238.99
✅ Clicked on Terms & Conditions checkbox
✅ Clicked 'PROCEED TO FINAL STEP' button]]>
  </system-out>
</testsuite> <!-- tests.InternetPlanTest -->
