<?xml version="1.0" encoding="UTF-8"?>
<!-- Generated by org.testng.reporters.JUnitReportReporter -->
<testsuite hostname="DESKTOP-06TRTHG" failures="0" tests="1" name="tests.HomeTest" time="36.112" errors="0" timestamp="2025-07-19T14:50:12 IST" skipped="0">
  <testcase classname="tests.HomeTest" name="verifyHomePage" time="36.112">
    <system-out>
      <![CDATA[📄 Page Title: UMAXX - BIGGER FASTER STRONGER UMAXX 5G TV, IPTV
✅ Page title verification passed
✅ UMAXX logo is displayed successfully
✅ Starting price text verified: Starting at $39.99/month
✅ Customer support number verified: 1-866-873-1399
✅ Support email verified: EMAIL: Support@umaxx.tv
✅ Successfully entered the email address in the subscription field
✅ Clicked on the 'Subscribe' button successfully
✅ Clicked on 'View Packages' link successfully after scrolling
📄 New Page Title: UMAXX - BIGGER FASTER STRONGER UMAXX 5G TV, IPTV
✅ 5G Plans page title verified successfully
🔙 Navigated back to the Home Page
✅ Verified ZIP code instruction text: Enter ZIP Code to confirm coverage in your area
🔼 Scrolled to top of the page
✅ Entered ZIP code: 12345
✅ Clicked the Search button
✅ Coverage message displayed: Awesome news, we offer coverage in your area, now let’s get you the right plan.
📄 New Page Title: UMAXX - BIGGER FASTER STRONGER UMAXX 5G TV, IPTV
✅ 5G Plans page title verified successfully
✅ Navigated to the 5G Plans page successfully
🔙 Navigated back to the Home Page
🔄 Page refreshed successfully
✅ Entered ZIP code: 77665
✅ Clicked the Search button
❗ Unserviceable ZIP message displayed: Sorry we’re not there yet, but we’re constantly expanding coverage, so please provide your info and we’ll contact you as soon as we’re in your neighborhood.
📧 Entered Notify Email: TestDemo@gmail.com
📩 Clicked 'Notify' button]]>
    </system-out>
  </testcase> <!-- verifyHomePage -->
  <system-out>
    <![CDATA[📄 Page Title: UMAXX - BIGGER FASTER STRONGER UMAXX 5G TV, IPTV
✅ Page title verification passed
✅ UMAXX logo is displayed successfully
✅ Starting price text verified: Starting at $39.99/month
✅ Customer support number verified: 1-866-873-1399
✅ Support email verified: EMAIL: Support@umaxx.tv
✅ Successfully entered the email address in the subscription field
✅ Clicked on the 'Subscribe' button successfully
✅ Clicked on 'View Packages' link successfully after scrolling
📄 New Page Title: UMAXX - BIGGER FASTER STRONGER UMAXX 5G TV, IPTV
✅ 5G Plans page title verified successfully
🔙 Navigated back to the Home Page
✅ Verified ZIP code instruction text: Enter ZIP Code to confirm coverage in your area
🔼 Scrolled to top of the page
✅ Entered ZIP code: 12345
✅ Clicked the Search button
✅ Coverage message displayed: Awesome news, we offer coverage in your area, now let’s get you the right plan.
📄 New Page Title: UMAXX - BIGGER FASTER STRONGER UMAXX 5G TV, IPTV
✅ 5G Plans page title verified successfully
✅ Navigated to the 5G Plans page successfully
🔙 Navigated back to the Home Page
🔄 Page refreshed successfully
✅ Entered ZIP code: 77665
✅ Clicked the Search button
❗ Unserviceable ZIP message displayed: Sorry we’re not there yet, but we’re constantly expanding coverage, so please provide your info and we’ll contact you as soon as we’re in your neighborhood.
📧 Entered Notify Email: TestDemo@gmail.com
📩 Clicked 'Notify' button]]>
  </system-out>
</testsuite> <!-- tests.HomeTest -->
