<?xml version="1.0" encoding="UTF-8"?>
<!-- Generated by org.testng.reporters.JUnitReportReporter -->
<testsuite hostname="DESKTOP-06TRTHG" failures="0" tests="1" name="tests.UmaxxGamesTest" time="10.065" errors="0" timestamp="2025-07-19T15:03:13 IST" skipped="0">
  <testcase classname="tests.UmaxxGamesTest" name="verifyUmaxxGames" time="10.065">
    <system-out>
      <![CDATA[✅ Clicked on navbar hamburger button
✅ Switched to Games window/tab
🎯 Games Window Title: Home
📝 Text Found: Play | Compete | Redeem
✅ Verified: 'Play | Compete | Redeem' text is correct]]>
    </system-out>
  </testcase> <!-- verifyUmaxxGames -->
  <system-out>
    <![CDATA[✅ Clicked on navbar hamburger button
✅ Switched to Games window/tab
🎯 Games Window Title: Home
📝 Text Found: Play | Compete | Redeem
✅ Verified: 'Play | Compete | Redeem' text is correct]]>
  </system-out>
</testsuite> <!-- tests.UmaxxGamesTest -->
