<?xml version="1.0" encoding="UTF-8"?>
<!-- Generated by org.testng.reporters.JUnitReportReporter -->
<testsuite hostname="DESKTOP-06TRTHG" failures="0" tests="1" name="tests.LatestNewsTest" time="67.538" errors="0" timestamp="2025-07-19T14:56:52 IST" skipped="0">
  <testcase classname="tests.LatestNewsTest" name="verifyLatestNews" time="67.538">
    <system-out>
      <![CDATA[✅ Clicked on navbar hamburger button
✅ Clicked on 'Latest News' link
✅ Verified Latest News heading: Latest News
✅ Verified partial article text: UMAXX Launches World'S First Closed Network 5G TV & Internet Service Promising Consumer Data Privacy And Threat Protection
✅ Article title verified: SuperCloud International Bursts On The Scene With The World'S First 5G TV Service Offered With Advanced 5G Home Internet Service Through UMAXX.TV
✅ Heading text verified: Understanding the Importance of 5G Internet in Rural Areas
✅ Clicked on 3rd Latest News link using JS click
🔄 Switched to new window: UMAXX - BIGGER FASTER STRONGER UMAXX 5G TV, IPTV
❎ Closed the new window
🔙 Switched back to original window
✅ Clicked on 2nd Latest News link using JS click
🔄 Switched to new window: 
❎ Closed the new window
🔙 Switched back to original window
✅ Clicked on 1st Latest News link using JS click
🔄 Switched to new window: UMAXX Launches World's First Closed Network 5G TV & Internet Service Promising Consumer Data Privacy and Threat Protection
❎ Closed the new window
🔙 Switched back to original window]]>
    </system-out>
  </testcase> <!-- verifyLatestNews -->
  <system-out>
    <![CDATA[✅ Clicked on navbar hamburger button
✅ Clicked on 'Latest News' link
✅ Verified Latest News heading: Latest News
✅ Verified partial article text: UMAXX Launches World'S First Closed Network 5G TV & Internet Service Promising Consumer Data Privacy And Threat Protection
✅ Article title verified: SuperCloud International Bursts On The Scene With The World'S First 5G TV Service Offered With Advanced 5G Home Internet Service Through UMAXX.TV
✅ Heading text verified: Understanding the Importance of 5G Internet in Rural Areas
✅ Clicked on 3rd Latest News link using JS click
🔄 Switched to new window: UMAXX - BIGGER FASTER STRONGER UMAXX 5G TV, IPTV
❎ Closed the new window
🔙 Switched back to original window
✅ Clicked on 2nd Latest News link using JS click
🔄 Switched to new window: 
❎ Closed the new window
🔙 Switched back to original window
✅ Clicked on 1st Latest News link using JS click
🔄 Switched to new window: UMAXX Launches World's First Closed Network 5G TV & Internet Service Promising Consumer Data Privacy and Threat Protection
❎ Closed the new window
🔙 Switched back to original window]]>
  </system-out>
</testsuite> <!-- tests.LatestNewsTest -->
