<?xml version="1.0" encoding="UTF-8"?>
<!-- Generated by org.testng.reporters.JUnitReportReporter -->
<testsuite hostname="DESKTOP-06TRTHG" failures="0" tests="1" name="tests.UmaxxFAQTest" time="16.230" errors="0" timestamp="2025-07-19T15:02:11 IST" skipped="0">
  <testcase classname="tests.UmaxxFAQTest" name="verifyFAQPage" time="16.230">
    <system-out>
      <![CDATA[✅ Clicked on navbar hamburger button
✅ Successfully clicked on 'FAQS' section.
📌 FAQ Text Displayed: Is there a data cap on the UMAXX™ 5G Internet Hotspot service?
✅ FAQ text verification passed
✅ Clicked on 'Signing Up' FAQ link
📘 FAQ Text Displayed: How do I get signed up for UMAXX™ 5G Internet Hotspot Service?
✅ FAQ text verified
✅ Clicked on 'Setting Up' FAQ link
📄 FAQ Text Displayed: How do I set up UMAXX™ 5G Internet Hotspot?
✅ FAQ text verification passed
✅ Clicked on 'Device Details' FAQ section
📄 FAQ Text Displayed: How far does the signal go from my house?
✅ FAQ text verified successfully]]>
    </system-out>
  </testcase> <!-- verifyFAQPage -->
  <system-out>
    <![CDATA[✅ Clicked on navbar hamburger button
✅ Successfully clicked on 'FAQS' section.
📌 FAQ Text Displayed: Is there a data cap on the UMAXX™ 5G Internet Hotspot service?
✅ FAQ text verification passed
✅ Clicked on 'Signing Up' FAQ link
📘 FAQ Text Displayed: How do I get signed up for UMAXX™ 5G Internet Hotspot Service?
✅ FAQ text verified
✅ Clicked on 'Setting Up' FAQ link
📄 FAQ Text Displayed: How do I set up UMAXX™ 5G Internet Hotspot?
✅ FAQ text verification passed
✅ Clicked on 'Device Details' FAQ section
📄 FAQ Text Displayed: How far does the signal go from my house?
✅ FAQ text verified successfully]]>
  </system-out>
</testsuite> <!-- tests.UmaxxFAQTest -->
