<?xml version="1.0" encoding="UTF-8"?>
<!-- Generated by org.testng.reporters.JUnitReportReporter -->
<testsuite hostname="DESKTOP-06TRTHG" failures="0" tests="3" name="tests.UmaxxPhoneTest" time="267.707" errors="0" timestamp="2025-07-19T15:08:31 IST" skipped="0">
  <testcase classname="tests.UmaxxPhoneTest" name="verifyUmaxxPhonePage" time="18.617">
    <system-out>
      <![CDATA[✅ Clicked on navbar hamburger button
✅ Clicked on 'UMAXX Phones' link
✅ Verified UMAXX mobile label text: UMAXX Total Privacy Phones
✅ Verified phone header text: Secure, Private, Anonymous, Phone Calls
📞 Found phone number: 1-866-873-1399
✅ Phone number verified successfully.
✅ Suggestion text verified: Which Model is for you?
✅ Liberty Plus paragraph text verified: UMAXX Liberty Plus
✅ Verified price section text:
Original Price: $1,999
Purchase Today: $1,899 ($100 off)
✅ Memory specification text verified: Memory 4GB RAM
✅ Verified: Storage 128GB
✅ Verified UMAXX Liberty text: UMAXX Liberty
📦 Actual text:
Original Price: $1,599
Purchase Today: $1,499 ($100 off)
✅ Price block verified successfully.
✅ Verified memory text: Memory 3GB RAM
✅ Verified storage text: Storage 32GB]]>
    </system-out>
  </testcase> <!-- verifyUmaxxPhonePage -->
  <testcase classname="tests.UmaxxPhoneTest" name="UmaxxMobilePurchase" time="39.642">
    <system-out>
      <![CDATA[✅ Clicked on 'Pay Full - UMAXX Liberty Plus' button.
✅ Entered dynamic Order Email: testuser1752917666259@gmail.com
✅ Entered Order Password: Abceed123
✅ Entered dynamic Order Phone Number: 9917670791
✅ Entered dynamic Order First Name: TestFirstPRGc
✅ Entered dynamic Order Last Name: TestLastzXMF
✅ Entered Order Address: San Antonio
✅ Clicked on address suggestion: San Antonio
✅ Entered ZIP Code: 12345
✅ Entered Order City: Schenectady
✅ Entered Order State: New York
✅ Clicked on 'Accept Terms and Conditions' checkbox.
✅ Clicked on 'PROCEED TO FINAL STEP' button.]]>
    </system-out>
  </testcase> <!-- UmaxxMobilePurchase -->
  <testcase classname="tests.UmaxxPhoneTest" name="FillPaymentFields" time="209.448">
    <system-out>
      <![CDATA[✅ Toast message 'Order created successfully' is visible]]>
    </system-out>
  </testcase> <!-- FillPaymentFields -->
  <system-out>
    <![CDATA[✅ Clicked on navbar hamburger button
✅ Clicked on 'UMAXX Phones' link
✅ Verified UMAXX mobile label text: UMAXX Total Privacy Phones
✅ Verified phone header text: Secure, Private, Anonymous, Phone Calls
📞 Found phone number: 1-866-873-1399
✅ Phone number verified successfully.
✅ Suggestion text verified: Which Model is for you?
✅ Liberty Plus paragraph text verified: UMAXX Liberty Plus
✅ Verified price section text:
Original Price: $1,999
Purchase Today: $1,899 ($100 off)
✅ Memory specification text verified: Memory 4GB RAM
✅ Verified: Storage 128GB
✅ Verified UMAXX Liberty text: UMAXX Liberty
📦 Actual text:
Original Price: $1,599
Purchase Today: $1,499 ($100 off)
✅ Price block verified successfully.
✅ Verified memory text: Memory 3GB RAM
✅ Verified storage text: Storage 32GB
✅ Clicked on 'Pay Full - UMAXX Liberty Plus' button.
✅ Entered dynamic Order Email: testuser1752917666259@gmail.com
✅ Entered Order Password: Abceed123
✅ Entered dynamic Order Phone Number: 9917670791
✅ Entered dynamic Order First Name: TestFirstPRGc
✅ Entered dynamic Order Last Name: TestLastzXMF
✅ Entered Order Address: San Antonio
✅ Clicked on address suggestion: San Antonio
✅ Entered ZIP Code: 12345
✅ Entered Order City: Schenectady
✅ Entered Order State: New York
✅ Clicked on 'Accept Terms and Conditions' checkbox.
✅ Clicked on 'PROCEED TO FINAL STEP' button.
✅ Toast message 'Order created successfully' is visible]]>
  </system-out>
</testsuite> <!-- tests.UmaxxPhoneTest -->
