<?xml version="1.0" encoding="UTF-8"?>
<!-- Generated by org.testng.reporters.JUnitReportReporter -->
<testsuite hostname="DESKTOP-06TRTHG" failures="0" tests="2" name="tests.UmaxxGamesTest" time="0.006" errors="1" timestamp="2025-07-24T00:09:32 IST" skipped="1">
  <testcase classname="tests.UmaxxGamesTest" name="verifyUmaxxGames" time="0.000">
    <skipped/>
  </testcase> <!-- verifyUmaxxGames -->
  <testcase classname="tests.UmaxxGamesTest" name="beforeMethod" time="0.006">
    <error message="Cannot invoke &quot;com.aventstack.extentreports.ExtentReports.createTest(String)&quot; because &quot;this.extentReports&quot; is null" type="java.lang.NullPointerException">
      <![CDATA[java.lang.NullPointerException: Cannot invoke "com.aventstack.extentreports.ExtentReports.createTest(String)" because "this.extentReports" is null
at common.BasesetupUmaxx5G.beforeMethod(BasesetupUmaxx5G.java:66)
at java.base/jdk.internal.reflect.DirectMethodHandleAccessor.invoke(DirectMethodHandleAccessor.java:103)
at java.base/java.lang.reflect.Method.invoke(Method.java:580)
at org.testng.internal.invokers.MethodInvocationHelper.invokeMethod(MethodInvocationHelper.java:141)
at org.testng.internal.invokers.MethodInvocationHelper.invokeMethodConsideringTimeout(MethodInvocationHelper.java:71)
at org.testng.internal.invokers.ConfigInvoker.invokeConfigurationMethod(ConfigInvoker.java:400)
at org.testng.internal.invokers.ConfigInvoker.invokeConfigurations(ConfigInvoker.java:333)
at org.testng.internal.invokers.TestInvoker.runConfigMethods(TestInvoker.java:833)
at org.testng.internal.invokers.TestInvoker.invokeMethod(TestInvoker.java:600)
at org.testng.internal.invokers.TestInvoker.invokeTestMethod(TestInvoker.java:230)
at org.testng.internal.invokers.MethodRunner.runInSequence(MethodRunner.java:63)
at org.testng.internal.invokers.TestInvoker$MethodInvocationAgent.invoke(TestInvoker.java:992)
at org.testng.internal.invokers.TestInvoker.invokeTestMethods(TestInvoker.java:203)
at org.testng.internal.invokers.TestMethodWorker.invokeTestMethods(TestMethodWorker.java:154)
at org.testng.internal.invokers.TestMethodWorker.run(TestMethodWorker.java:134)
at java.base/java.util.concurrent.Executors$RunnableAdapter.call(Executors.java:572)
at java.base/java.util.concurrent.FutureTask.run(FutureTask.java:317)
at org.testng.internal.thread.graph.TestNGFutureTask.run(TestNGFutureTask.java:22)
at java.base/java.util.concurrent.ThreadPoolExecutor.runWorker(ThreadPoolExecutor.java:1144)
at java.base/java.util.concurrent.ThreadPoolExecutor$Worker.run(ThreadPoolExecutor.java:642)
at java.base/java.lang.Thread.run(Thread.java:1575)
]]>
    </error>
  </testcase> <!-- beforeMethod -->
  <system-out>
    <![CDATA[📄 Page Title: UMAXX - BIGGER FASTER STRONGER UMAXX 5G TV, IPTV
✅ Page title verification passed
✅ UMAXX logo is displayed successfully
✅ Starting price text verified: Starting at $39.99/month
✅ Customer support number verified: 1-866-873-1399
✅ Support email verified: EMAIL: Support@umaxx.tv
✅ Successfully entered the email address in the subscription field
✅ Clicked on the 'Subscribe' button successfully
✅ Clicked on 'View Packages' link successfully after scrolling
📄 New Page Title: UMAXX - BIGGER FASTER STRONGER UMAXX 5G TV, IPTV
✅ 5G Plans page title verified successfully
🔙 Navigated back to the Home Page
✅ Verified ZIP code instruction text: Enter ZIP Code to confirm coverage in your area
🔼 Scrolled to top of the page
✅ Entered ZIP code: 12345
✅ Clicked the Search button
✅ Coverage message displayed: Awesome news, we offer coverage in your area, now let’s get you the right plan.
📄 New Page Title: UMAXX - BIGGER FASTER STRONGER UMAXX 5G TV, IPTV
✅ 5G Plans page title verified successfully
✅ Navigated to the 5G Plans page successfully
🔙 Navigated back to the Home Page
🔄 Page refreshed successfully
✅ Entered ZIP code: 77665
✅ Clicked the Search button
❗ Unserviceable ZIP message displayed: Sorry we’re not there yet, but we’re constantly expanding coverage, so please provide your info and we’ll contact you as soon as we’re in your neighborhood.
📧 Entered Notify Email: TestDemo@gmail.com
📩 Clicked 'Notify' button]]>
  </system-out>
</testsuite> <!-- tests.UmaxxGamesTest -->
